<?xml version="1.0" encoding="UTF-8"?>
<!-- Generated by org.testng.reporters.JUnitReportReporter -->
<testsuite hostname="Akash" failures="0" tests="1" name="com.huskyAuto.testCases.TC_CreateNewCustomer_003" time="20.389" errors="0" timestamp="2020-12-27T19:51:31 IST" skipped="0">
  <testcase classname="com.huskyAuto.testCases.TC_CreateNewCustomer_003" name="addNewCustomer" time="20.389"/>
  <system-out/>
</testsuite> <!-- com.huskyAuto.testCases.TC_CreateNewCustomer_003 -->
