<?xml version="1.0" encoding="UTF-8"?>
<!-- Generated by org.testng.reporters.JUnitReportReporter -->
<testsuite hostname="Akash" failures="0" tests="1" name="com.huskyAuto.testCases.TC_CreateNewCustomer_003" time="32.607" errors="0" timestamp="2021-01-04T21:52:54 IST" skipped="0">
  <testcase classname="com.huskyAuto.testCases.TC_CreateNewCustomer_003" name="addNewCustomer" time="32.607"/>
  <system-out/>
</testsuite> <!-- com.huskyAuto.testCases.TC_CreateNewCustomer_003 -->
