<?xml version="1.0" encoding="UTF-8"?>
<!-- Generated by org.testng.reporters.JUnitReportReporter -->
<testsuite hostname="Akash" failures="0" tests="1" name="com.huskyAuto.testCases.TC_LoginTest_001" time="2.581" errors="0" timestamp="2021-01-04T21:52:54 IST" skipped="0">
  <testcase classname="com.huskyAuto.testCases.TC_LoginTest_001" name="loginTest" time="2.581"/>
  <system-out/>
</testsuite> <!-- com.huskyAuto.testCases.TC_LoginTest_001 -->
